[debug] [2024-09-20T18:19:24.210Z] ----------------------------------------------------------------------
[debug] [2024-09-20T18:19:24.213Z] Command:       C:\Program Files\nodejs\node.exe C:\Users\krish\AppData\Roaming\npm\node_modules\firebase-tools\lib\bin\firebase.js init
[debug] [2024-09-20T18:19:24.213Z] CLI Version:   13.18.0
[debug] [2024-09-20T18:19:24.214Z] Platform:      win32
[debug] [2024-09-20T18:19:24.214Z] Node Version:  v20.17.0
[debug] [2024-09-20T18:19:24.214Z] Time:          Fri Sep 20 2024 11:19:24 GMT-0700 (Pacific Daylight Time)
[debug] [2024-09-20T18:19:24.214Z] ----------------------------------------------------------------------
[debug] 
[debug] [2024-09-20T18:19:24.222Z] > command requires scopes: ["email","openid","https://www.googleapis.com/auth/cloudplatformprojects.readonly","https://www.googleapis.com/auth/firebase","https://www.googleapis.com/auth/cloud-platform"]
[debug] [2024-09-20T18:19:24.222Z] > authorizing via signed-in user (krishaishy@gmail.com)
[info] 
     ######## #### ########  ######## ########     ###     ######  ########
     ##        ##  ##     ## ##       ##     ##  ##   ##  ##       ##
     ######    ##  ########  ######   ########  #########  ######  ######
     ##        ##  ##    ##  ##       ##     ## ##     ##       ## ##
     ##       #### ##     ## ######## ########  ##     ##  ######  ########

You're about to initialize a Firebase project in this directory:

  C:\Users\krish\Desktop\NucampFolder\NucampFolder\WebDev\2-Javascript\portfolio-project

[info] 
=== Project Setup
[info] 
[info] First, let's associate this project directory with a Firebase project.
[info] You can create multiple project aliases by running firebase use --add, 
[info] but for now we'll just set up a default project.
[info] 
[info] i  If you want to create a project in a Google Cloud organization or folder, please use "firebase projects:create" instead, and return to this command when you've created the project. 
[debug] [2024-09-20T18:19:39.389Z] >>> [apiv2][query] POST https://cloudresourcemanager.googleapis.com/v1/projects [none]
[debug] [2024-09-20T18:19:39.389Z] >>> [apiv2][body] POST https://cloudresourcemanager.googleapis.com/v1/projects {"projectId":"studynook-8946792gh","name":"studynook"}
[debug] [2024-09-20T18:19:40.592Z] <<< [apiv2][status] POST https://cloudresourcemanager.googleapis.com/v1/projects 200
[debug] [2024-09-20T18:19:40.593Z] <<< [apiv2][body] POST https://cloudresourcemanager.googleapis.com/v1/projects {"name":"operations/cp.6150277645902669238"}
[debug] [2024-09-20T18:19:40.595Z] >>> [apiv2][query] GET https://cloudresourcemanager.googleapis.com/v1/operations/cp.6150277645902669238 [none]
[debug] [2024-09-20T18:19:40.990Z] <<< [apiv2][status] GET https://cloudresourcemanager.googleapis.com/v1/operations/cp.6150277645902669238 200
[debug] [2024-09-20T18:19:40.991Z] <<< [apiv2][body] GET https://cloudresourcemanager.googleapis.com/v1/operations/cp.6150277645902669238 {"name":"operations/cp.6150277645902669238"}
[debug] [2024-09-20T18:19:41.504Z] [Project Creation Poller] Retrying task index 0
[debug] [2024-09-20T18:19:41.505Z] >>> [apiv2][query] GET https://cloudresourcemanager.googleapis.com/v1/operations/cp.6150277645902669238 [none]
[debug] [2024-09-20T18:19:42.099Z] <<< [apiv2][status] GET https://cloudresourcemanager.googleapis.com/v1/operations/cp.6150277645902669238 200
[debug] [2024-09-20T18:19:42.099Z] <<< [apiv2][body] GET https://cloudresourcemanager.googleapis.com/v1/operations/cp.6150277645902669238 {"name":"operations/cp.6150277645902669238","metadata":{"@type":"type.googleapis.com/google.cloudresourcemanager.v1.ProjectCreationStatus","ready":true},"done":true,"error":{"code":9,"message":"Callers must accept Terms of Service","details":[{"@type":"type.googleapis.com/google.rpc.PreconditionFailure","violations":[{"type":"TOS","subject":"cloud","description":"Callers must accept Terms of Service"}]}]}}
[debug] [2024-09-20T18:19:42.178Z] FirebaseError: Callers must accept Terms of Service
    at OperationPoller.poll (C:\Users\krish\AppData\Roaming\npm\node_modules\firebase-tools\lib\operation-poller.js:24:19)
    at process.processTicksAndRejections (node:internal/process/task_queues:95:5)
    at async createCloudProject (C:\Users\krish\AppData\Roaming\npm\node_modules\firebase-tools\lib\management\projects.js:186:29)
    at async createFirebaseProjectAndLog (C:\Users\krish\AppData\Roaming\npm\node_modules\firebase-tools\lib\management\projects.js:45:9)
    at async promptAndCreateNewProject (C:\Users\krish\AppData\Roaming\npm\node_modules\firebase-tools\lib\init\features\project.js:32:12)
    at async doSetup (C:\Users\krish\AppData\Roaming\npm\node_modules\firebase-tools\lib\init\features\project.js:88:27)
    at async init (C:\Users\krish\AppData\Roaming\npm\node_modules\firebase-tools\lib\init\index.js:40:9)
[error] 
[error] Error: Failed to create project. See firebase-debug.log for more info.
